c:\users\summer\documents\visual studio 2015\projects\summerplot\summerplot\debug\vc140.pdb
c:\users\summer\documents\visual studio 2015\projects\summerplot\summerplot\debug\vc140.idb
c:\users\summer\documents\visual studio 2015\projects\summerplot\summerplot\debug\ploter.obj
c:\users\summer\documents\visual studio 2015\projects\summerplot\summerplot\debug\lex.obj
c:\users\summer\documents\visual studio 2015\projects\summerplot\summerplot\debug\main.obj
c:\users\summer\documents\visual studio 2015\projects\summerplot\summerplot\debug\token.obj
c:\users\summer\documents\visual studio 2015\projects\summerplot\summerplot\debug\parser.obj
c:\users\summer\documents\visual studio 2015\projects\summerplot\summerplot\debug\tokenizer.obj
c:\users\summer\documents\visual studio 2015\projects\summerplot\summerplot\debug\summerplot.res
c:\users\summer\documents\visual studio 2015\projects\summerplot\debug\summerplot.pdb
c:\users\summer\documents\visual studio 2015\projects\summerplot\summerplot\debug\summerplot.tlog\cl.command.1.tlog
c:\users\summer\documents\visual studio 2015\projects\summerplot\summerplot\debug\summerplot.tlog\cl.read.1.tlog
c:\users\summer\documents\visual studio 2015\projects\summerplot\summerplot\debug\summerplot.tlog\cl.write.1.tlog
c:\users\summer\documents\visual studio 2015\projects\summerplot\summerplot\debug\summerplot.tlog\link-cvtres.read.1.tlog
c:\users\summer\documents\visual studio 2015\projects\summerplot\summerplot\debug\summerplot.tlog\link-cvtres.write.1.tlog
c:\users\summer\documents\visual studio 2015\projects\summerplot\summerplot\debug\summerplot.tlog\link-rc.read.1.tlog
c:\users\summer\documents\visual studio 2015\projects\summerplot\summerplot\debug\summerplot.tlog\link-rc.write.1.tlog
c:\users\summer\documents\visual studio 2015\projects\summerplot\summerplot\debug\summerplot.tlog\link.4172-cvtres.read.1.tlog
c:\users\summer\documents\visual studio 2015\projects\summerplot\summerplot\debug\summerplot.tlog\link.4172-cvtres.write.1.tlog
c:\users\summer\documents\visual studio 2015\projects\summerplot\summerplot\debug\summerplot.tlog\link.4172-rc.read.1.tlog
c:\users\summer\documents\visual studio 2015\projects\summerplot\summerplot\debug\summerplot.tlog\link.4172-rc.write.1.tlog
c:\users\summer\documents\visual studio 2015\projects\summerplot\summerplot\debug\summerplot.tlog\link.4172.read.1.tlog
c:\users\summer\documents\visual studio 2015\projects\summerplot\summerplot\debug\summerplot.tlog\link.4172.write.1.tlog
c:\users\summer\documents\visual studio 2015\projects\summerplot\summerplot\debug\summerplot.tlog\link.command.1.tlog
c:\users\summer\documents\visual studio 2015\projects\summerplot\summerplot\debug\summerplot.tlog\link.read.1.tlog
c:\users\summer\documents\visual studio 2015\projects\summerplot\summerplot\debug\summerplot.tlog\link.write.1.tlog
c:\users\summer\documents\visual studio 2015\projects\summerplot\summerplot\debug\summerplot.tlog\rc.command.1.tlog
c:\users\summer\documents\visual studio 2015\projects\summerplot\summerplot\debug\summerplot.tlog\rc.read.1.tlog
c:\users\summer\documents\visual studio 2015\projects\summerplot\summerplot\debug\summerplot.tlog\rc.write.1.tlog
